---start of Histogram.gnuplot---
  0 #!/usr/bin/gnuplot
  1 #
  2 # This file was generated from <TemplateReference 'gnuplot_header.template_fragment'>.
  3 #
  4 
  5 set macro
  6 
  7 figwidth = 800
  8 figheight = 600
  9 dpi = 72. # This affects only the figure size and panel placement computations,
 10           # not the actual DPI values set in the output files
 11 figwidth_in_inches = figwidth/dpi
 12 figheight_in_inches = figheight/dpi
 13 
 14 ################################################################################################
 15 # This multiplot layout code is adapted from http://www.sciencetronics.com/greenphotons/?p=570
 16 # as an alternative to "set multiplot layout rows,cols".
 17 # Original by Uwe Zimmermann, 2011 (CC BY-NC-SA 3.0).
 18 mpl_top    = 0.4 #inch  outer top margin, title goes here
 19 mpl_bot    = 0.5 #inch  outer bottom margin, x label goes here
 20 mpl_left   = 1.0 #inch  outer left margin, y label goes here
 21 mpl_right  = 0.02 #inch  outer right margin, y2 label goes here
 22 mpl_dx     = 0.05 #inch  inter-plot horizontal spacing
 23 mpl_dy     = 0.05 #inch  inter-plot vertical spacing
 24 mpl_ny     = 1   #number of rows
 25 mpl_nx     = 1   #number of columns
 26 
 27 # calculate remaining free dimensions
 28 mpl_width = ( figwidth_in_inches \
 29               - mpl_left - mpl_right \
 30               - (mpl_nx-1)*mpl_dx )/mpl_nx # width of individual plots
 31 mpl_height = ( figheight_in_inches \
 32               - mpl_top - mpl_bot \
 33               - (mpl_ny-1)*mpl_dy )/mpl_ny # height of individual plots
 34 
 35 # placement functions
 36 #   rows are numbered from bottom to top
 37 mpl_bot(n) = (mpl_bot+(n-1)*mpl_height+(n-1)*mpl_dy)/figheight_in_inches
 38 mpl_top(n)  = 1-((mpl_top+(mpl_ny-n)*(mpl_height+mpl_dy))/figheight_in_inches)
 39 #   columns are numbered from left to right
 40 mpl_left(n) = (mpl_left+(n-1)*mpl_width+(n-1)*mpl_dx)/figwidth_in_inches
 41 mpl_right(n)  = 1-((mpl_right+(mpl_nx-n)*(mpl_width+mpl_dx))/figwidth_in_inches)
 42 
 43 mpl_set_panel(row, col) = sprintf("set lmargin at screen mpl_left(%d); \
 44                                    set rmargin at screen mpl_right(%d); \
 45                                    set tmargin at screen mpl_top(%d); \
 46                                    set bmargin at screen mpl_bot(%d)", \
 47                                    col, col, row, row)
 48 
 49 # End of multiplot layout helper definitions.
 50 # To set a panel, use "eval mpl_set_panel(row, column)"
 51 ################################################################################################
 52 
 53 basefont = "Times,"
 54 
 55 baselinewidth = 1.
 56 
 57 unset multiplot
 58 
 59 
 60 pngdpi_per_screendpi = 96./72
 61 figwidthinpng = ceil(figwidth*pngdpi_per_screendpi)
 62 figheightinpng = ceil(figheight*pngdpi_per_screendpi)
 63 set terminal pngcairo size figwidthinpng,figheightinpng enhanced \
 64     font basefont linewidth baselinewidth
 65 set output "output.png"
 66 
 67 
 68 
 69 
 70 set xlabel "energy (keV)"
 71 set ylabel "count"
 72 
 73 set grid
 74 
 75 
 76 set title "Histogram"
 77 
 78 ###
 79 # Some common formatting
 80 ###
 81 
 82 # In the classic color theme, linetype 5 is yellow which is hard to see on a white background.
 83 set linetype 5 linecolor rgb "red"
 84 
 85 # Tick formatting
 86 #set format x "%.2g"
 87 
 88 ### Ticks ###
 89 
 90 #set xtics 12.5,2,300 # for log scale
 91 #set xtics 0,50,300 # for linear scale
 92 #set xtics add ("200" 200)
 93 #set mxtics 5
 94 set mxtics
 95 set mytics
 96 
 97 logformat = "10^{\%L}"
 98 
 99 ### For histograms ###
100 #set boxwidth 0.025
101 #set style fill transparent solid 0.5 noborder
102 
103 ### Annotation ###
104 
105 # basic
106 #set label "label A"  at first  30, first  60   # in data coordinates
107 
108 # more options
109 #set label "{/Arial-Bold label B}"  at graph  0.9, graph  0.72 \
110 #                                   rotate by 8 left \
111 #                                   tc rgb "#777777"
112 
113 # legend position
114 #set key out vert # place legends outside the plot area
115 #set key cent right
116 #set key left top
117 #set key above title "Legend" box 3
118 set key right bottom
119 
120 xunits = 1
121 x2units = 1
122 yunits = 1
123 y2units = 1
124 zunits = 1
125 
126 ### For histograms ###
127 #set boxwidth 0.1 # set the bar width manually
128 set style fill transparent solid 0.9 noborder
129 
130 
131 plot \
132    "trace_8705c82c6d6e4fcc9b4f64edfd4f9873.bytes" using (column(1)/xunits):(column(2)/yunits) every ::0:0 \
133    binary format='%float64%float64' \
134    with boxes \
135    linecolor 1 \
136    pointtype 7 \
137    title "" \
138    axes x1y1, \
139    "trace_64b8ec6a1a754882a321c551d2be9f39.bytes" using (column(1)/xunits):(column(2)/yunits) every ::0:0 \
140    binary format='%float64%float64' \
141    with boxes \
142    linecolor 2 \
143    pointtype 7 \
144    title "" \
145    axes x1y1
146 
147 
148 
149 # Check if the qt terminal is available.
150 if (strstrt(GPVAL_TERMINALS, 'qt') > 0) interactive_terminal = "qt"; \
151 else interactive_terminal = "wxt enhanced"
152 
153 set term @interactive_terminal size figwidth,figheight title "Histogram" dashed
154 # replace "dashed" with "solid" if you want to ignore "linetype"/"lt" in plot
155 
156 replot
157 bind Close "exit gnuplot"
158 
159 
---end of Histogram.gnuplot---


plot    "trace_8705c82c6d6e4fcc9b4f64edfd4f9873.bytes" using (column(1)/xunits):(column(2)/yunits) every ::0:0    binary format='%float64%float64'    with boxes    linecolor 1    pointtype 7    title ""    axes x1y1,    "trace_64b8ec6a1a754882a321c551d2be9f39.bytes" using (column(1)/xunits):(column(2)/yunits) every ::0:0    binary format='%float64%float64'    with boxes    linecolor 2    pointtype 7    title ""    axes x1y1
                                                                                                                                                                                   ^
"Histogram.gnuplot", line 146: warning: No pointtype specifier allowed, here

plot    "trace_8705c82c6d6e4fcc9b4f64edfd4f9873.bytes" using (column(1)/xunits):(column(2)/yunits) every ::0:0    binary format='%float64%float64'    with boxes    linecolor 1    pointtype 7    title ""    axes x1y1,    "trace_64b8ec6a1a754882a321c551d2be9f39.bytes" using (column(1)/xunits):(column(2)/yunits) every ::0:0    binary format='%float64%float64'    with boxes    linecolor 2    pointtype 7    title ""    axes x1y1
                                                                                                                                                                                                                                                                                                                                                                                                       ^
"Histogram.gnuplot", line 146: warning: No pointtype specifier allowed, here

plot    "trace_8705c82c6d6e4fcc9b4f64edfd4f9873.bytes" using (column(1)/xunits):(column(2)/yunits) every ::0:0    binary format='%float64%float64'    with boxes    linecolor 1    pointtype 7    title ""    axes x1y1,    "trace_64b8ec6a1a754882a321c551d2be9f39.bytes" using (column(1)/xunits):(column(2)/yunits) every ::0:0    binary format='%float64%float64'    with boxes    linecolor 2    pointtype 7    title ""    axes x1y1
                                                                                                                                                                                   ^
"Histogram.gnuplot", line 157: warning: No pointtype specifier allowed, here

plot    "trace_8705c82c6d6e4fcc9b4f64edfd4f9873.bytes" using (column(1)/xunits):(column(2)/yunits) every ::0:0    binary format='%float64%float64'    with boxes    linecolor 1    pointtype 7    title ""    axes x1y1,    "trace_64b8ec6a1a754882a321c551d2be9f39.bytes" using (column(1)/xunits):(column(2)/yunits) every ::0:0    binary format='%float64%float64'    with boxes    linecolor 2    pointtype 7    title ""    axes x1y1
                                                                                                                                                                                                                                                                                                                                                                                                       ^
"Histogram.gnuplot", line 157: warning: No pointtype specifier allowed, here
Replotting every 1 seconds (if plot script modification time changes)...
Hit <ctrl> + C to exit.
The plot engine has terminated. Exiting.
